<?xml version="1.0" encoding="UTF-8"?>
<!-- Generated by org.testng.reporters.JUnitReportReporter -->
<testsuite hostname="7a173910aa1a" failures="0" tests="9" name="com.sabir.tests.vendorportal.VendorPortalTest" time="8.789" errors="0" timestamp="2024-08-10T16:34:08 GMT" skipped="0">
  <testcase classname="com.sabir.tests.vendorportal.VendorPortalTest" name="dashboardTest" time="1.802"/>
  <testcase classname="com.sabir.tests.vendorportal.VendorPortalTest" name="dashboardTest" time="0.752"/>
  <testcase classname="com.sabir.tests.vendorportal.VendorPortalTest" name="dashboardTest" time="1.235"/>
  <testcase classname="com.sabir.tests.vendorportal.VendorPortalTest" name="logoutTest" time="0.657"/>
  <testcase classname="com.sabir.tests.vendorportal.VendorPortalTest" name="logoutTest" time="0.683"/>
  <testcase classname="com.sabir.tests.vendorportal.VendorPortalTest" name="logoutTest" time="0.673"/>
  <testcase classname="com.sabir.tests.vendorportal.VendorPortalTest" name="loginTest" time="0.879"/>
  <testcase classname="com.sabir.tests.vendorportal.VendorPortalTest" name="loginTest" time="1.102"/>
  <testcase classname="com.sabir.tests.vendorportal.VendorPortalTest" name="loginTest" time="1.006"/>
</testsuite> <!-- com.sabir.tests.vendorportal.VendorPortalTest -->
