<?xml version="1.0" encoding="UTF-8"?>
<!-- Generated by org.testng.reporters.JUnitReportReporter -->
<testsuite hostname="sabir" failures="0" tests="15" name="com.sabir.tests.flightreservation.FlightReservationTest" time="24.376" errors="0" timestamp="2024-08-08T21:33:04 CEST" skipped="0">
  <testcase classname="com.sabir.tests.flightreservation.FlightReservationTest" name="flightConfirmationTest" time="1.111"/>
  <testcase classname="com.sabir.tests.flightreservation.FlightReservationTest" name="flightsSelectionTest" time="1.800"/>
  <testcase classname="com.sabir.tests.flightreservation.FlightReservationTest" name="registrationConfirmationTest" time="1.680"/>
  <testcase classname="com.sabir.tests.flightreservation.FlightReservationTest" name="registrationConfirmationTest" time="2.184"/>
  <testcase classname="com.sabir.tests.flightreservation.FlightReservationTest" name="flightSearchTest" time="2.259"/>
  <testcase classname="com.sabir.tests.flightreservation.FlightReservationTest" name="flightConfirmationTest" time="1.679"/>
  <testcase classname="com.sabir.tests.flightreservation.FlightReservationTest" name="registrationConfirmationTest" time="2.184"/>
  <testcase classname="com.sabir.tests.flightreservation.FlightReservationTest" name="flightsSelectionTest" time="2.249"/>
  <testcase classname="com.sabir.tests.flightreservation.FlightReservationTest" name="flightsSelectionTest" time="1.182"/>
  <testcase classname="com.sabir.tests.flightreservation.FlightReservationTest" name="flightSearchTest" time="1.725"/>
  <testcase classname="com.sabir.tests.flightreservation.FlightReservationTest" name="flightSearchTest" time="0.722"/>
  <testcase classname="com.sabir.tests.flightreservation.FlightReservationTest" name="flightConfirmationTest" time="2.218"/>
  <testcase classname="com.sabir.tests.flightreservation.FlightReservationTest" name="userRegistrationTest" time="1.119"/>
  <testcase classname="com.sabir.tests.flightreservation.FlightReservationTest" name="userRegistrationTest" time="1.150"/>
  <testcase classname="com.sabir.tests.flightreservation.FlightReservationTest" name="userRegistrationTest" time="1.114"/>
</testsuite> <!-- com.sabir.tests.flightreservation.FlightReservationTest -->
