<?xml version="1.0" encoding="UTF-8"?>
<!-- Generated by org.testng.reporters.JUnitReportReporter -->
<testsuite hostname="464a7fa94c69" failures="0" tests="15" name="com.sabir.tests.flightreservation.FlightReservationTest" time="24.689" errors="0" timestamp="2024-08-10T16:34:14 GMT" skipped="0">
  <testcase classname="com.sabir.tests.flightreservation.FlightReservationTest" name="flightSearchTest" time="2.307"/>
  <testcase classname="com.sabir.tests.flightreservation.FlightReservationTest" name="flightsSelectionTest" time="2.384"/>
  <testcase classname="com.sabir.tests.flightreservation.FlightReservationTest" name="flightConfirmationTest" time="1.155"/>
  <testcase classname="com.sabir.tests.flightreservation.FlightReservationTest" name="flightsSelectionTest" time="1.270"/>
  <testcase classname="com.sabir.tests.flightreservation.FlightReservationTest" name="flightSearchTest" time="2.326"/>
  <testcase classname="com.sabir.tests.flightreservation.FlightReservationTest" name="registrationConfirmationTest" time="2.289"/>
  <testcase classname="com.sabir.tests.flightreservation.FlightReservationTest" name="flightConfirmationTest" time="1.731"/>
  <testcase classname="com.sabir.tests.flightreservation.FlightReservationTest" name="flightSearchTest" time="2.352"/>
  <testcase classname="com.sabir.tests.flightreservation.FlightReservationTest" name="flightConfirmationTest" time="1.644"/>
  <testcase classname="com.sabir.tests.flightreservation.FlightReservationTest" name="registrationConfirmationTest" time="1.242"/>
  <testcase classname="com.sabir.tests.flightreservation.FlightReservationTest" name="registrationConfirmationTest" time="2.284"/>
  <testcase classname="com.sabir.tests.flightreservation.FlightReservationTest" name="flightsSelectionTest" time="0.689"/>
  <testcase classname="com.sabir.tests.flightreservation.FlightReservationTest" name="userRegistrationTest" time="1.116"/>
  <testcase classname="com.sabir.tests.flightreservation.FlightReservationTest" name="userRegistrationTest" time="1.115"/>
  <testcase classname="com.sabir.tests.flightreservation.FlightReservationTest" name="userRegistrationTest" time="0.785"/>
</testsuite> <!-- com.sabir.tests.flightreservation.FlightReservationTest -->
